<?xml version="1.0" encoding="UTF-8"?>
<!-- Generated by org.testng.reporters.JUnitXMLReporter -->
<testsuite hostname="PRFT-16009" ignored="0" tests="6" failures="0" timestamp="2021-06-29T09:42:39 CDT" time="9.352" errors="0">
  <testcase name="numberOne" time="0.1" classname="TopGamerValidation"/>
  <testcase name="numberTwo" time="0.056" classname="TopGamerValidation"/>
  <testcase name="numberThree" time="0.076" classname="TopGamerValidation"/>
  <testcase name="numberFour" time="0.075" classname="TopGamerValidation"/>
  <testcase name="numberFive" time="0.06" classname="TopGamerValidation"/>
  <testcase name="validateGames" time="2.184" classname="TopGamerValidation"/>
</testsuite>
